#-----------------------------------------------------------
# Vivado v2018.3 (64-bit)
# SW Build 2405991 on Thu Dec  6 23:38:27 MST 2018
# IP Build 2404404 on Fri Dec  7 01:43:56 MST 2018
# Start of session at: Sat Apr 20 00:09:39 2019
# Process ID: 27816
# Current directory: C:/Users/Aiden/Desktop/ECE562
# Command line: vivado.exe -gui_launcher_event rodinguilauncherevent19680 C:\Users\Aiden\Desktop\ECE562\ECE562.xpr
# Log file: C:/Users/Aiden/Desktop/ECE562/vivado.log
# Journal file: C:/Users/Aiden/Desktop/ECE562\vivado.jou
#-----------------------------------------------------------
start_gui
open_project C:/Users/Aiden/Desktop/ECE562/ECE562.xpr
Scanning sources...
Finished scanning sources
INFO: [IP_Flow 19-234] Refreshing IP repositories
INFO: [IP_Flow 19-1704] No user IP repositories specified
INFO: [IP_Flow 19-2313] Loaded Vivado IP repository 'D:/Vivado/2018.3/data/ip'.
open_project: Time (s): cpu = 00:00:10 ; elapsed = 00:00:15 . Memory (MB): peak = 754.117 ; gain = 174.438
update_compile_order -fileset sources_1
exit
INFO: [Common 17-206] Exiting Vivado at Sat Apr 20 00:14:16 2019...
