Vivado Simulator 2017.4
Copyright 1986-1999, 2001-2016 Xilinx, Inc. All Rights Reserved.
Running: C:/Xilinx/Vivado/2017.4/bin/unwrapped/win64.o/xelab.exe -wto 21aa7e03de334287b7f0138cd89de4f3 --incr --debug typical --relax --mt 2 -L xil_defaultlib -L secureip --snapshot CacheStruct_func_synth xil_defaultlib.CacheStruct -log elaborate.log 
Using 2 slave threads.
Starting static elaboration
Completed static elaboration
Starting simulation data flow analysis
Completed simulation data flow analysis
Time Resolution for simulation is 1ps
Compiling package std.standard
Compiling package std.textio
Compiling package ieee.std_logic_1164
Compiling package unisim.vcomponents
Compiling package ieee.vital_timing
Compiling package ieee.vital_primitives
Compiling package unisim.vpkg
Compiling package ieee.numeric_std
Compiling architecture ibuf_v of entity unisim.IBUF [\IBUF(1,9)(1,1)(1,4)(1,7)\]
Compiling architecture bufgce_v of entity unisim.BUFGCE [\BUFGCE(ce_type="ASYNC")(1,5)\]
Compiling architecture lut3_v of entity unisim.LUT3 [\LUT3(init="10111000")(0,7)\]
Compiling architecture lut5_v of entity unisim.LUT5 [\LUT5(init="10111000111111111011...]
Compiling architecture lut6_v of entity unisim.LUT6 [\LUT6(init="00000000000000000000...]
Compiling architecture lut4_v of entity unisim.LUT4 [\LUT4(init="0110111111110110")(0...]
Compiling architecture lut6_v of entity unisim.LUT6 [\LUT6(init="01101111111101101111...]
Compiling architecture lut6_v of entity unisim.LUT6 [\LUT6(init="01010101000011110011...]
Compiling architecture lut6_v of entity unisim.LUT6 [\LUT6(init="00000000000011110011...]
Compiling architecture lut6_v of entity unisim.LUT6 [\LUT6(init="00001111000000000101...]
Compiling architecture lut6_v of entity unisim.LUT6 [\LUT6(init="10101111101000001100...]
Compiling architecture lut2_v of entity unisim.LUT2 [\LUT2(init="1001")(0,3)\]
Compiling architecture lut6_v of entity unisim.LUT6 [\LUT6(init="00100000000000100000...]
Compiling architecture lut6_v of entity unisim.LUT6 [\LUT6(init="10111110111111111111...]
Compiling architecture lut4_v of entity unisim.LUT4 [\LUT4(init="0010000000000010")(0...]
Compiling architecture lut6_v of entity unisim.LUT6 [\LUT6(init="11111010111111000000...]
Compiling architecture obuf_v of entity unisim.OBUF [\OBUF(1,9)(1,7)(1,4)\]
Compiling architecture fdre_v of entity unisim.FDRE [fdre_default]
Compiling architecture muxf8_v of entity unisim.MUXF8 [muxf8_default]
Compiling architecture muxf7_v of entity unisim.MUXF7 [muxf7_default]
Compiling architecture obuft_v of entity unisim.OBUFT [\OBUFT(1,9)(1,7)(1,4)\]
Compiling architecture ram64x1s_v of entity unisim.RAM64X1S [ram64x1s_default]
Compiling architecture lut3_v of entity unisim.LUT3 [\LUT3(init="01000000")(0,7)\]
Compiling architecture lut2_v of entity unisim.LUT2 [\LUT2(init="1011")(0,3)\]
Compiling architecture lut2_v of entity unisim.LUT2 [\LUT2(init="0010")(0,3)\]
Compiling architecture lut5_v of entity unisim.LUT5 [\LUT5(init="00000000101110100000...]
Compiling architecture lut6_v of entity unisim.LUT6 [\LUT6(init="11110000111111111010...]
Compiling architecture lut6_v of entity unisim.LUT6 [\LUT6(init="00000000010101010011...]
Compiling architecture lut2_v of entity unisim.LUT2 [\LUT2(init="0001")(0,3)\]
Compiling architecture lut6_v of entity unisim.LUT6 [\LUT6(init="11110000111111111111...]
Compiling architecture lut6_v of entity unisim.LUT6 [\LUT6(init="11111111101011000000...]
Compiling architecture lut6_v of entity unisim.LUT6 [\LUT6(init="10101010111100001100...]
Compiling architecture lut1_v of entity unisim.LUT1 [\LUT1(init="0001")(0,3)\]
Compiling architecture lut5_v of entity unisim.LUT5 [\LUT5(init="11111111111111111111...]
Compiling architecture lut4_v of entity unisim.LUT4 [\LUT4(init="0000000100000000")(0...]
Compiling architecture lut6_v of entity unisim.LUT6 [\LUT6(init="11111111101011001111...]
Compiling architecture lut5_v of entity unisim.LUT5 [\LUT5(init="10111000000000001011...]
Compiling architecture lut5_v of entity unisim.LUT5 [\LUT5(init="00000000000000001011...]
Compiling architecture lut2_v of entity unisim.LUT2 [\LUT2(init="0110")(0,3)\]
Compiling architecture lut6_v of entity unisim.LUT6 [\LUT6(init="11001100111100001111...]
Compiling architecture lut6_v of entity unisim.LUT6 [\LUT6(init="00001111001100110101...]
Compiling architecture lut6_v of entity unisim.LUT6 [\LUT6(init="01110111011101000111...]
Compiling architecture lut3_v of entity unisim.LUT3 [\LUT3(init="00001011")(0,7)\]
Compiling architecture lut3_v of entity unisim.LUT3 [\LUT3(init="01000101")(0,7)\]
Compiling architecture lut6_v of entity unisim.LUT6 [\LUT6(init="00111111101011110011...]
Compiling architecture lut2_v of entity unisim.LUT2 [\LUT2(init="1000")(0,3)\]
Compiling architecture lut5_v of entity unisim.LUT5 [\LUT5(init="10101010101010101010...]
Compiling architecture lut6_v of entity unisim.LUT6 [\LUT6(init="11110001111111111111...]
Compiling architecture lut6_v of entity unisim.LUT6 [\LUT6(init="11111111111111101110...]
Compiling architecture lut3_v of entity unisim.LUT3 [\LUT3(init="10111010")(0,7)\]
Compiling architecture lut4_v of entity unisim.LUT4 [\LUT4(init="1111000011101110")(0...]
Compiling architecture lut6_v of entity unisim.LUT6 [\LUT6(init="10001100100010001000...]
Compiling architecture lut6_v of entity unisim.LUT6 [\LUT6(init="11111000000000001111...]
Compiling architecture lut6_v of entity unisim.LUT6 [\LUT6(init="11001100000000001110...]
Compiling architecture lut3_v of entity unisim.LUT3 [\LUT3(init="11010001")(0,7)\]
Compiling architecture lut6_v of entity unisim.LUT6 [\LUT6(init="11110010101000101111...]
Compiling architecture lut6_v of entity unisim.LUT6 [\LUT6(init="11111111111111111000...]
Compiling architecture lut3_v of entity unisim.LUT3 [\LUT3(init="11111000")(0,7)\]
Compiling architecture lut6_v of entity unisim.LUT6 [\LUT6(init="00000000000000000000...]
Compiling architecture lut3_v of entity unisim.LUT3 [\LUT3(init="00010101")(0,7)\]
Compiling architecture lut6_v of entity unisim.LUT6 [\LUT6(init="11111100010001001111...]
Compiling architecture lut4_v of entity unisim.LUT4 [\LUT4(init="1111111110101110")(0...]
Compiling architecture lut4_v of entity unisim.LUT4 [\LUT4(init="0000000100010001")(0...]
Compiling architecture lut6_v of entity unisim.LUT6 [\LUT6(init="11111111110100010000...]
Compiling architecture lut6_v of entity unisim.LUT6 [\LUT6(init="11111111111111111100...]
Compiling architecture lut6_v of entity unisim.LUT6 [\LUT6(init="11011101110011001101...]
Compiling architecture lut3_v of entity unisim.LUT3 [\LUT3(init="00101110")(0,7)\]
Compiling architecture lut3_v of entity unisim.LUT3 [\LUT3(init="10001011")(0,7)\]
Compiling architecture lut6_v of entity unisim.LUT6 [\LUT6(init="00000000000000000000...]
Compiling architecture lut6_v of entity unisim.LUT6 [\LUT6(init="10111010101100001011...]
Compiling architecture lut6_v of entity unisim.LUT6 [\LUT6(init="11111111111111110001...]
Compiling architecture lut3_v of entity unisim.LUT3 [\LUT3(init="11000101")(0,7)\]
Compiling architecture lut6_v of entity unisim.LUT6 [\LUT6(init="11001000000000001111...]
Compiling architecture lut6_v of entity unisim.LUT6 [\LUT6(init="00000000000000000000...]
Compiling architecture lut6_v of entity unisim.LUT6 [\LUT6(init="11111111111111110001...]
Compiling architecture lut6_v of entity unisim.LUT6 [\LUT6(init="11111111111111111111...]
Compiling architecture lut3_v of entity unisim.LUT3 [\LUT3(init="11111110")(0,7)\]
Compiling architecture lut4_v of entity unisim.LUT4 [\LUT4(init="1011101011111110")(0...]
Compiling architecture lut6_v of entity unisim.LUT6 [\LUT6(init="00000000000000000000...]
Compiling architecture lut5_v of entity unisim.LUT5 [\LUT5(init="11111111111110001111...]
Compiling architecture lut6_v of entity unisim.LUT6 [\LUT6(init="11110000100000001111...]
Compiling architecture lut6_v of entity unisim.LUT6 [\LUT6(init="10101010100010101000...]
Compiling architecture lut3_v of entity unisim.LUT3 [\LUT3(init="11101010")(0,7)\]
Compiling architecture lut4_v of entity unisim.LUT4 [\LUT4(init="1111101110101011")(0...]
Compiling architecture lut6_v of entity unisim.LUT6 [\LUT6(init="11011101110111111100...]
Compiling architecture lut6_v of entity unisim.LUT6 [\LUT6(init="11100010111000101010...]
Compiling architecture lut5_v of entity unisim.LUT5 [\LUT5(init="11110101111101001010...]
Compiling architecture lut3_v of entity unisim.LUT3 [\LUT3(init="01011100")(0,7)\]
Compiling architecture lut6_v of entity unisim.LUT6 [\LUT6(init="00000000000000000000...]
Compiling architecture lut6_v of entity unisim.LUT6 [\LUT6(init="11111111111111111111...]
Compiling architecture lut5_v of entity unisim.LUT5 [\LUT5(init="11111010111110110101...]
Compiling architecture lut4_v of entity unisim.LUT4 [\LUT4(init="1011101110111000")(0...]
Compiling architecture lut6_v of entity unisim.LUT6 [\LUT6(init="11111111111111111111...]
Compiling architecture lut6_v of entity unisim.LUT6 [\LUT6(init="00000000000000000000...]
Compiling architecture lut6_v of entity unisim.LUT6 [\LUT6(init="01010001000000011111...]
Compiling architecture lut6_v of entity unisim.LUT6 [\LUT6(init="11101110101010101100...]
Compiling architecture lut5_v of entity unisim.LUT5 [\LUT5(init="00000101000001001010...]
Compiling architecture lut6_v of entity unisim.LUT6 [\LUT6(init="11110100111101001111...]
Compiling architecture lut6_v of entity unisim.LUT6 [\LUT6(init="11111111111111111111...]
Compiling architecture lut6_v of entity unisim.LUT6 [\LUT6(init="10001000100010001000...]
Compiling architecture lut4_v of entity unisim.LUT4 [\LUT4(init="0101000100000001")(0...]
Compiling architecture lut3_v of entity unisim.LUT3 [\LUT3(init="10110001")(0,7)\]
Compiling architecture lut3_v of entity unisim.LUT3 [\LUT3(init="00000001")(0,7)\]
Compiling architecture lut6_v of entity unisim.LUT6 [\LUT6(init="11111111111111111110...]
Compiling architecture lut4_v of entity unisim.LUT4 [\LUT4(init="0000111100010001")(0...]
Compiling architecture lut3_v of entity unisim.LUT3 [\LUT3(init="01001110")(0,7)\]
Compiling architecture lut6_v of entity unisim.LUT6 [\LUT6(init="11111111111111110100...]
Compiling architecture lut6_v of entity unisim.LUT6 [\LUT6(init="11110000001000001111...]
Compiling architecture lut5_v of entity unisim.LUT5 [\LUT5(init="11011101110111110001...]
Compiling architecture lut6_v of entity unisim.LUT6 [\LUT6(init="10001011101110111011...]
Compiling architecture lut4_v of entity unisim.LUT4 [\LUT4(init="1111101110110000")(0...]
Compiling architecture lut3_v of entity unisim.LUT3 [\LUT3(init="00000010")(0,7)\]
Compiling architecture lut6_v of entity unisim.LUT6 [\LUT6(init="00000000000000000000...]
Compiling architecture lut6_v of entity unisim.LUT6 [\LUT6(init="11010001110100010101...]
Compiling architecture lut5_v of entity unisim.LUT5 [\LUT5(init="01010100111111110000...]
Compiling architecture lut5_v of entity unisim.LUT5 [\LUT5(init="01010000010000001111...]
Compiling architecture lut6_v of entity unisim.LUT6 [\LUT6(init="11100000000000001111...]
Compiling architecture lut6_v of entity unisim.LUT6 [\LUT6(init="00000000000000000000...]
Compiling architecture lut3_v of entity unisim.LUT3 [\LUT3(init="01110100")(0,7)\]
Compiling architecture lut6_v of entity unisim.LUT6 [\LUT6(init="00000000000000000000...]
Compiling architecture lut3_v of entity unisim.LUT3 [\LUT3(init="10100011")(0,7)\]
Compiling architecture lut6_v of entity unisim.LUT6 [\LUT6(init="00100010001000100010...]
Compiling architecture lut5_v of entity unisim.LUT5 [\LUT5(init="10101111101111110000...]
Compiling architecture lut6_v of entity unisim.LUT6 [\LUT6(init="11111111101010101111...]
Compiling architecture lut6_v of entity unisim.LUT6 [\LUT6(init="11111111111111111111...]
Compiling architecture lut5_v of entity unisim.LUT5 [\LUT5(init="11111111111111101111...]
Compiling architecture lut4_v of entity unisim.LUT4 [\LUT4(init="1111111110111000")(0...]
Compiling architecture lut5_v of entity unisim.LUT5 [\LUT5(init="01000101000000000111...]
Compiling architecture lut5_v of entity unisim.LUT5 [\LUT5(init="00000000000000000101...]
Compiling architecture lut3_v of entity unisim.LUT3 [\LUT3(init="10110100")(0,7)\]
Compiling architecture lut6_v of entity unisim.LUT6 [\LUT6(init="01110101011101010000...]
Compiling architecture lut6_v of entity unisim.LUT6 [\LUT6(init="11101110111011101110...]
Compiling architecture lut6_v of entity unisim.LUT6 [\LUT6(init="00000000000000000000...]
Compiling architecture lut6_v of entity unisim.LUT6 [\LUT6(init="11110001111100011111...]
Compiling architecture lut6_v of entity unisim.LUT6 [\LUT6(init="00000000000000000000...]
Compiling architecture lut6_v of entity unisim.LUT6 [\LUT6(init="11111111111111111111...]
Compiling architecture lut6_v of entity unisim.LUT6 [\LUT6(init="00000000000000000000...]
Compiling architecture lut6_v of entity unisim.LUT6 [\LUT6(init="00000000000000000000...]
Compiling architecture lut6_v of entity unisim.LUT6 [\LUT6(init="00000000000000000000...]
Compiling architecture lut6_v of entity unisim.LUT6 [\LUT6(init="11111111111111111111...]
Compiling architecture fdre_v of entity unisim.FDRE [\FDRE(init='1')\]
Compiling architecture lut5_v of entity unisim.LUT5 [\LUT5(init="11101110111010100010...]
Compiling architecture lut6_v of entity unisim.LUT6 [\LUT6(init="11101110111111101110...]
Compiling architecture lut5_v of entity unisim.LUT5 [\LUT5(init="11111111111111111110...]
Compiling architecture lut5_v of entity unisim.LUT5 [\LUT5(init="10100000100000001010...]
Compiling architecture lut5_v of entity unisim.LUT5 [\LUT5(init="10110000101000001111...]
Compiling architecture lut6_v of entity unisim.LUT6 [\LUT6(init="11111111000011101111...]
Compiling architecture lut6_v of entity unisim.LUT6 [\LUT6(init="11010001110111011101...]
Compiling architecture lut3_v of entity unisim.LUT3 [\LUT3(init="01001111")(0,7)\]
Compiling architecture lut6_v of entity unisim.LUT6 [\LUT6(init="11111111111111111111...]
Compiling architecture lut6_v of entity unisim.LUT6 [\LUT6(init="00011101000100011101...]
Compiling architecture lut2_v of entity unisim.LUT2 [\LUT2(init="1110")(0,3)\]
Compiling architecture lut6_v of entity unisim.LUT6 [\LUT6(init="11101111111000001010...]
Compiling architecture lut4_v of entity unisim.LUT4 [\LUT4(init="1010101010000000")(0...]
Compiling architecture lut5_v of entity unisim.LUT5 [\LUT5(init="01000100010001110100...]
Compiling architecture lut5_v of entity unisim.LUT5 [\LUT5(init="00000000000000001101...]
Compiling architecture lut6_v of entity unisim.LUT6 [\LUT6(init="11111111111111111111...]
Compiling architecture lut6_v of entity unisim.LUT6 [\LUT6(init="01010001010101010101...]
Compiling architecture lut4_v of entity unisim.LUT4 [\LUT4(init="1000000010001100")(0...]
Compiling architecture lut6_v of entity unisim.LUT6 [\LUT6(init="11101110111011111111...]
Compiling architecture lut6_v of entity unisim.LUT6 [\LUT6(init="11111110111111101111...]
Compiling architecture lut6_v of entity unisim.LUT6 [\LUT6(init="00010101010100010001...]
Compiling architecture lut6_v of entity unisim.LUT6 [\LUT6(init="11111111111111111111...]
Compiling architecture lut6_v of entity unisim.LUT6 [\LUT6(init="10101010101010001010...]
Compiling architecture lut6_v of entity unisim.LUT6 [\LUT6(init="00000000000000000000...]
Compiling architecture lut6_v of entity unisim.LUT6 [\LUT6(init="11111111111111111111...]
Compiling architecture lut6_v of entity unisim.LUT6 [\LUT6(init="10101010101010101010...]
Compiling architecture lut5_v of entity unisim.LUT5 [\LUT5(init="11111111111111111110...]
Compiling architecture lut5_v of entity unisim.LUT5 [\LUT5(init="10101010101010100010...]
Compiling architecture lut6_v of entity unisim.LUT6 [\LUT6(init="01000111010001110100...]
Compiling architecture lut6_v of entity unisim.LUT6 [\LUT6(init="11111111111111111111...]
Compiling architecture lut6_v of entity unisim.LUT6 [\LUT6(init="00000000000100000000...]
Compiling architecture lut6_v of entity unisim.LUT6 [\LUT6(init="11111101111111011111...]
Compiling architecture lut2_v of entity unisim.LUT2 [\LUT2(init="0111")(0,3)\]
Compiling architecture lut6_v of entity unisim.LUT6 [\LUT6(init="11111111111111111111...]
Compiling architecture lut6_v of entity unisim.LUT6 [\LUT6(init="00000000000000000010...]
Compiling architecture lut6_v of entity unisim.LUT6 [\LUT6(init="11111111111111111111...]
Compiling architecture lut6_v of entity unisim.LUT6 [\LUT6(init="10101010101010101010...]
Compiling architecture lut6_v of entity unisim.LUT6 [\LUT6(init="00000000000000010000...]
Compiling architecture lut6_v of entity unisim.LUT6 [\LUT6(init="10101010101010101010...]
Compiling architecture lut4_v of entity unisim.LUT4 [\LUT4(init="1011000010000000")(0...]
Compiling architecture lut6_v of entity unisim.LUT6 [\LUT6(init="10101010101010101010...]
Compiling architecture lut6_v of entity unisim.LUT6 [\LUT6(init="11111111111111111111...]
Compiling architecture lut6_v of entity unisim.LUT6 [\LUT6(init="00000000000001111111...]
Compiling architecture lut6_v of entity unisim.LUT6 [\LUT6(init="11111111100000001111...]
Compiling architecture lut6_v of entity unisim.LUT6 [\LUT6(init="00000001000000000000...]
Compiling architecture lut6_v of entity unisim.LUT6 [\LUT6(init="00000000000000000000...]
Compiling architecture lut6_v of entity unisim.LUT6 [\LUT6(init="11111111111111111111...]
Compiling architecture lut6_v of entity unisim.LUT6 [\LUT6(init="11111111111111111111...]
Compiling architecture lut6_v of entity unisim.LUT6 [\LUT6(init="10101010101010101010...]
Compiling architecture lut6_v of entity unisim.LUT6 [\LUT6(init="00100011000011111110...]
Compiling architecture lut4_v of entity unisim.LUT4 [\LUT4(init="1110001000101110")(0...]
Compiling architecture lut5_v of entity unisim.LUT5 [\LUT5(init="01000100000001000000...]
Compiling architecture lut5_v of entity unisim.LUT5 [\LUT5(init="11111111111111110100...]
Compiling architecture lut6_v of entity unisim.LUT6 [\LUT6(init="11110100010011111111...]
Compiling architecture lut6_v of entity unisim.LUT6 [\LUT6(init="11111010111110110101...]
Compiling architecture lut6_v of entity unisim.LUT6 [\LUT6(init="11111111111111110000...]
Compiling architecture lut4_v of entity unisim.LUT4 [\LUT4(init="0000000001011101")(0...]
Compiling architecture lut6_v of entity unisim.LUT6 [\LUT6(init="00000000000000000000...]
Compiling architecture lut6_v of entity unisim.LUT6 [\LUT6(init="00000000000011011101...]
Compiling architecture lut4_v of entity unisim.LUT4 [\LUT4(init="0010111011111111")(0...]
Compiling architecture lut6_v of entity unisim.LUT6 [\LUT6(init="11111111111111111111...]
Compiling architecture lut6_v of entity unisim.LUT6 [\LUT6(init="11111111111111111111...]
Compiling architecture lut6_v of entity unisim.LUT6 [\LUT6(init="10110000000000000000...]
Compiling architecture lut5_v of entity unisim.LUT5 [\LUT5(init="11111110111100101111...]
Compiling architecture lut6_v of entity unisim.LUT6 [\LUT6(init="00010000000000000000...]
Compiling architecture lut6_v of entity unisim.LUT6 [\LUT6(init="00011101110100010001...]
Compiling architecture lut6_v of entity unisim.LUT6 [\LUT6(init="00000000000000000000...]
Compiling architecture lut5_v of entity unisim.LUT5 [\LUT5(init="10110001101110111011...]
Compiling architecture lut4_v of entity unisim.LUT4 [\LUT4(init="1011000000010000")(0...]
Compiling architecture lut5_v of entity unisim.LUT5 [\LUT5(init="00001111010001000000...]
Compiling architecture lut6_v of entity unisim.LUT6 [\LUT6(init="11111111111111111111...]
Compiling architecture lut6_v of entity unisim.LUT6 [\LUT6(init="11100100111011101110...]
Compiling architecture lut6_v of entity unisim.LUT6 [\LUT6(init="00000000000000000000...]
Compiling architecture lut5_v of entity unisim.LUT5 [\LUT5(init="00010000101100001011...]
Compiling architecture lut6_v of entity unisim.LUT6 [\LUT6(init="00001111111011100000...]
Compiling architecture lut6_v of entity unisim.LUT6 [\LUT6(init="00000000000000000000...]
Compiling architecture lut6_v of entity unisim.LUT6 [\LUT6(init="01001110111001000100...]
Compiling architecture lut6_v of entity unisim.LUT6 [\LUT6(init="11001100000001000000...]
Compiling architecture lut6_v of entity unisim.LUT6 [\LUT6(init="00000000000000000000...]
Compiling architecture lut5_v of entity unisim.LUT5 [\LUT5(init="10111011101100110001...]
Compiling architecture lut6_v of entity unisim.LUT6 [\LUT6(init="01000111000000000100...]
Compiling architecture lut5_v of entity unisim.LUT5 [\LUT5(init="11111111101011101010...]
Compiling architecture lut6_v of entity unisim.LUT6 [\LUT6(init="00000000000000000000...]
Compiling architecture lut4_v of entity unisim.LUT4 [\LUT4(init="0000000010111000")(0...]
Compiling architecture lut3_v of entity unisim.LUT3 [\LUT3(init="00000111")(0,7)\]
Compiling architecture lut6_v of entity unisim.LUT6 [\LUT6(init="11111110111011101111...]
Compiling architecture lut4_v of entity unisim.LUT4 [\LUT4(init="1010100010001000")(0...]
Compiling architecture lut6_v of entity unisim.LUT6 [\LUT6(init="10011001100110011001...]
Compiling architecture lut6_v of entity unisim.LUT6 [\LUT6(init="10101010101010101010...]
Compiling architecture lut6_v of entity unisim.LUT6 [\LUT6(init="11111111111111111111...]
Compiling architecture lut6_v of entity unisim.LUT6 [\LUT6(init="00000000000000000000...]
Compiling architecture lut6_v of entity unisim.LUT6 [\LUT6(init="00000000000001000000...]
Compiling architecture lut6_v of entity unisim.LUT6 [\LUT6(init="10101010101010101010...]
Compiling architecture lut6_v of entity unisim.LUT6 [\LUT6(init="11111111111111111111...]
Compiling architecture lut6_v of entity unisim.LUT6 [\LUT6(init="00000000000000000000...]
Compiling architecture lut6_v of entity unisim.LUT6 [\LUT6(init="11111111111111111111...]
Compiling architecture lut6_v of entity unisim.LUT6 [\LUT6(init="11111111111111111111...]
Compiling architecture lut6_v of entity unisim.LUT6 [\LUT6(init="00000000000000000000...]
Compiling architecture lut5_v of entity unisim.LUT5 [\LUT5(init="00000000110100001101...]
Compiling architecture lut6_v of entity unisim.LUT6 [\LUT6(init="10100010101010101010...]
Compiling architecture lut6_v of entity unisim.LUT6 [\LUT6(init="01000000000000000000...]
Compiling architecture lut6_v of entity unisim.LUT6 [\LUT6(init="00000000000000000000...]
Compiling architecture lut6_v of entity unisim.LUT6 [\LUT6(init="00000000000000000001...]
Compiling architecture lut6_v of entity unisim.LUT6 [\LUT6(init="10101010101010101010...]
Compiling architecture lut6_v of entity unisim.LUT6 [\LUT6(init="11111111111111111111...]
Compiling architecture lut6_v of entity unisim.LUT6 [\LUT6(init="00000000000000000000...]
Compiling architecture lut6_v of entity unisim.LUT6 [\LUT6(init="00000000000000000000...]
Compiling architecture lut6_v of entity unisim.LUT6 [\LUT6(init="00000000000000000000...]
Compiling architecture lut6_v of entity unisim.LUT6 [\LUT6(init="11101110101010101110...]
Compiling architecture lut5_v of entity unisim.LUT5 [\LUT5(init="11100010111000101110...]
Compiling architecture lut6_v of entity unisim.LUT6 [\LUT6(init="00000000000000000000...]
Compiling architecture lut6_v of entity unisim.LUT6 [\LUT6(init="00000000000000000000...]
Compiling architecture lut6_v of entity unisim.LUT6 [\LUT6(init="11111111111111111111...]
Compiling architecture lut6_v of entity unisim.LUT6 [\LUT6(init="10101010101010101010...]
Compiling architecture lut5_v of entity unisim.LUT5 [\LUT5(init="00001111000100010000...]
Compiling architecture lut5_v of entity unisim.LUT5 [\LUT5(init="11111111111111110100...]
Compiling architecture lut6_v of entity unisim.LUT6 [\LUT6(init="00001000000010000000...]
Compiling architecture lut4_v of entity unisim.LUT4 [\LUT4(init="1110000000100000")(0...]
Compiling architecture lut6_v of entity unisim.LUT6 [\LUT6(init="01100110111100000110...]
Compiling architecture lut6_v of entity unisim.LUT6 [\LUT6(init="11111111111111110000...]
Compiling architecture lut4_v of entity unisim.LUT4 [\LUT4(init="1110111010101110")(0...]
Compiling architecture lut6_v of entity unisim.LUT6 [\LUT6(init="00000000000000000000...]
Compiling architecture lut4_v of entity unisim.LUT4 [\LUT4(init="1101000100011101")(0...]
Compiling architecture lut6_v of entity unisim.LUT6 [\LUT6(init="01101111011000000000...]
Compiling architecture lut6_v of entity unisim.LUT6 [\LUT6(init="00000000000000000010...]
Compiling architecture lut5_v of entity unisim.LUT5 [\LUT5(init="11100010111011101110...]
Compiling architecture lut5_v of entity unisim.LUT5 [\LUT5(init="00100000111000001110...]
Compiling architecture lut4_v of entity unisim.LUT4 [\LUT4(init="1000100011000000")(0...]
Compiling architecture lut6_v of entity unisim.LUT6 [\LUT6(init="11100010001011101110...]
Compiling architecture lut3_v of entity unisim.LUT3 [\LUT3(init="10001111")(0,7)\]
Compiling architecture lut6_v of entity unisim.LUT6 [\LUT6(init="00000000000000000000...]
Compiling architecture lut6_v of entity unisim.LUT6 [\LUT6(init="10101110101011101010...]
Compiling architecture lut6_v of entity unisim.LUT6 [\LUT6(init="00000000000000000000...]
Compiling architecture lut6_v of entity unisim.LUT6 [\LUT6(init="11111111111111111111...]
Compiling architecture lut6_v of entity unisim.LUT6 [\LUT6(init="00000000010101010000...]
Compiling architecture lut6_v of entity unisim.LUT6 [\LUT6(init="11110000001000101111...]
Compiling architecture lut6_v of entity unisim.LUT6 [\LUT6(init="11111111111111111111...]
Compiling architecture lut6_v of entity unisim.LUT6 [\LUT6(init="00000000000000000000...]
Compiling architecture lut6_v of entity unisim.LUT6 [\LUT6(init="00000010000000000000...]
Compiling architecture lut6_v of entity unisim.LUT6 [\LUT6(init="11111111111111111111...]
Compiling architecture lut6_v of entity unisim.LUT6 [\LUT6(init="10101010101010101010...]
Compiling architecture lut6_v of entity unisim.LUT6 [\LUT6(init="00000000010000000000...]
Compiling architecture lut6_v of entity unisim.LUT6 [\LUT6(init="00000000000000001000...]
Compiling architecture lut6_v of entity unisim.LUT6 [\LUT6(init="00000000000000100000...]
Compiling architecture lut6_v of entity unisim.LUT6 [\LUT6(init="00000000000000000000...]
Compiling architecture lut6_v of entity unisim.LUT6 [\LUT6(init="00101010101010101010...]
Compiling architecture lut6_v of entity unisim.LUT6 [\LUT6(init="11111111111111111111...]
Compiling architecture lut6_v of entity unisim.LUT6 [\LUT6(init="00000000100000000000...]
Compiling architecture lut5_v of entity unisim.LUT5 [\LUT5(init="11111110101010101111...]
Compiling architecture lut6_v of entity unisim.LUT6 [\LUT6(init="11111111111111111111...]
Compiling architecture lut5_v of entity unisim.LUT5 [\LUT5(init="11101010111011111010...]
Compiling architecture lut6_v of entity unisim.LUT6 [\LUT6(init="11101010101011101110...]
Compiling architecture lut6_v of entity unisim.LUT6 [\LUT6(init="11111111111111111111...]
Compiling architecture lut6_v of entity unisim.LUT6 [\LUT6(init="00000000000000000000...]
Compiling architecture lut5_v of entity unisim.LUT5 [\LUT5(init="11111111011000000000...]
Compiling architecture lut6_v of entity unisim.LUT6 [\LUT6(init="00000000000000000000...]
Compiling architecture lut6_v of entity unisim.LUT6 [\LUT6(init="10101010101010101111...]
Compiling architecture lut6_v of entity unisim.LUT6 [\LUT6(init="10111000101110001011...]
Compiling architecture lut6_v of entity unisim.LUT6 [\LUT6(init="11111111111111111111...]
Compiling architecture lut6_v of entity unisim.LUT6 [\LUT6(init="10101010101010101010...]
Compiling architecture lut6_v of entity unisim.LUT6 [\LUT6(init="11111111111100001000...]
Compiling architecture lut4_v of entity unisim.LUT4 [\LUT4(init="1111111111010000")(0...]
Compiling architecture lut6_v of entity unisim.LUT6 [\LUT6(init="11111111111111111111...]
Compiling architecture lut3_v of entity unisim.LUT3 [\LUT3(init="00011101")(0,7)\]
Compiling architecture lut6_v of entity unisim.LUT6 [\LUT6(init="10000000000000000000...]
Compiling architecture lut6_v of entity unisim.LUT6 [\LUT6(init="00000000000000000000...]
Compiling architecture lut6_v of entity unisim.LUT6 [\LUT6(init="00010001010100001111...]
Compiling architecture lut6_v of entity unisim.LUT6 [\LUT6(init="00000000010101010000...]
Compiling architecture lut6_v of entity unisim.LUT6 [\LUT6(init="11111111111111111111...]
Compiling architecture lut6_v of entity unisim.LUT6 [\LUT6(init="01110111011101110011...]
Compiling architecture lut6_v of entity unisim.LUT6 [\LUT6(init="00000100010101000101...]
Compiling architecture lut4_v of entity unisim.LUT4 [\LUT4(init="0010001000100000")(0...]
Compiling architecture lut5_v of entity unisim.LUT5 [\LUT5(init="11111111111111111111...]
Compiling architecture lut6_v of entity unisim.LUT6 [\LUT6(init="11111111111111111111...]
Compiling architecture lut6_v of entity unisim.LUT6 [\LUT6(init="11111011000000001111...]
Compiling architecture lut6_v of entity unisim.LUT6 [\LUT6(init="01000100010001000101...]
Compiling architecture lut5_v of entity unisim.LUT5 [\LUT5(init="01001111010011111111...]
Compiling architecture lut6_v of entity unisim.LUT6 [\LUT6(init="01010101010001000111...]
Compiling architecture lut6_v of entity unisim.LUT6 [\LUT6(init="00000000000000000000...]
Compiling architecture lut6_v of entity unisim.LUT6 [\LUT6(init="10101000000000001010...]
Compiling architecture lut5_v of entity unisim.LUT5 [\LUT5(init="01001111010111110000...]
Compiling architecture lut5_v of entity unisim.LUT5 [\LUT5(init="10110000000000001111...]
Compiling architecture lut4_v of entity unisim.LUT4 [\LUT4(init="1011111100001011")(0...]
Compiling architecture lut6_v of entity unisim.LUT6 [\LUT6(init="10111011101110001011...]
Compiling architecture lut3_v of entity unisim.LUT3 [\LUT3(init="10000000")(0,7)\]
Compiling architecture lut4_v of entity unisim.LUT4 [\LUT4(init="0101011010100110")(0...]
Compiling architecture lut6_v of entity unisim.LUT6 [\LUT6(init="10100010000000101010...]
Compiling architecture lut6_v of entity unisim.LUT6 [\LUT6(init="01011101010011000101...]
Compiling architecture lut6_v of entity unisim.LUT6 [\LUT6(init="00011111111111110001...]
Compiling architecture lut5_v of entity unisim.LUT5 [\LUT5(init="11111111111111111111...]
Compiling architecture lut5_v of entity unisim.LUT5 [\LUT5(init="11111110000011100000...]
Compiling architecture lut6_v of entity unisim.LUT6 [\LUT6(init="11111111111111111000...]
Compiling architecture lut4_v of entity unisim.LUT4 [\LUT4(init="0000000011100010")(0...]
Compiling architecture lut5_v of entity unisim.LUT5 [\LUT5(init="11111111111111101110...]
Compiling architecture lut6_v of entity unisim.LUT6 [\LUT6(init="11101010111011101111...]
Compiling architecture lut6_v of entity unisim.LUT6 [\LUT6(init="11111111111111111010...]
Compiling architecture lut6_v of entity unisim.LUT6 [\LUT6(init="00000000111000001111...]
Compiling architecture lut4_v of entity unisim.LUT4 [\LUT4(init="0100111000000000")(0...]
Compiling architecture lut5_v of entity unisim.LUT5 [\LUT5(init="00001111101110110000...]
Compiling architecture lut4_v of entity unisim.LUT4 [\LUT4(init="1010100000001000")(0...]
Compiling architecture lut4_v of entity unisim.LUT4 [\LUT4(init="1101000100000000")(0...]
Compiling architecture lut6_v of entity unisim.LUT6 [\LUT6(init="01000100010001000100...]
Compiling architecture lut4_v of entity unisim.LUT4 [\LUT4(init="0000011100000000")(0...]
Compiling architecture lut5_v of entity unisim.LUT5 [\LUT5(init="01110111011101000111...]
Compiling architecture lut6_v of entity unisim.LUT6 [\LUT6(init="10101110101011101000...]
Compiling architecture lut4_v of entity unisim.LUT4 [\LUT4(init="0000000010110001")(0...]
Compiling architecture lut6_v of entity unisim.LUT6 [\LUT6(init="11111111111111111111...]
Compiling architecture lut6_v of entity unisim.LUT6 [\LUT6(init="11111111111111111111...]
Compiling architecture lut6_v of entity unisim.LUT6 [\LUT6(init="11111111111111110100...]
Compiling architecture lut4_v of entity unisim.LUT4 [\LUT4(init="0000000000101010")(0...]
Compiling architecture lut3_v of entity unisim.LUT3 [\LUT3(init="10001010")(0,7)\]
Compiling architecture lut4_v of entity unisim.LUT4 [\LUT4(init="0000000000010101")(0...]
Compiling architecture lut4_v of entity unisim.LUT4 [\LUT4(init="1010001000000010")(0...]
Compiling architecture lut6_v of entity unisim.LUT6 [\LUT6(init="11111111111111111111...]
Compiling architecture lut6_v of entity unisim.LUT6 [\LUT6(init="11111111111111111111...]
Compiling architecture lut4_v of entity unisim.LUT4 [\LUT4(init="1111111100101000")(0...]
Compiling architecture lut6_v of entity unisim.LUT6 [\LUT6(init="01000100010001000100...]
Compiling architecture lut6_v of entity unisim.LUT6 [\LUT6(init="11011101110111111101...]
Compiling architecture lut6_v of entity unisim.LUT6 [\LUT6(init="11101110101010101100...]
Compiling architecture lut4_v of entity unisim.LUT4 [\LUT4(init="1111111011101110")(0...]
Compiling architecture lut6_v of entity unisim.LUT6 [\LUT6(init="11111111111111111111...]
Compiling architecture lut4_v of entity unisim.LUT4 [\LUT4(init="0000000000000111")(0...]
Compiling architecture lut3_v of entity unisim.LUT3 [\LUT3(init="01011101")(0,7)\]
Compiling architecture lut4_v of entity unisim.LUT4 [\LUT4(init="0001101110110001")(0...]
Compiling architecture lut4_v of entity unisim.LUT4 [\LUT4(init="0000000001001110")(0...]
Compiling architecture lut4_v of entity unisim.LUT4 [\LUT4(init="1110111100001110")(0...]
Compiling architecture lut4_v of entity unisim.LUT4 [\LUT4(init="0000000001000111")(0...]
Compiling architecture lut5_v of entity unisim.LUT5 [\LUT5(init="00000000000000001101...]
Compiling architecture lut6_v of entity unisim.LUT6 [\LUT6(init="00000000111100100000...]
Compiling architecture lut6_v of entity unisim.LUT6 [\LUT6(init="00000000000000000000...]
Compiling architecture lut6_v of entity unisim.LUT6 [\LUT6(init="10001000100010001000...]
Compiling architecture lut6_v of entity unisim.LUT6 [\LUT6(init="11111111100000001111...]
Compiling architecture lut6_v of entity unisim.LUT6 [\LUT6(init="00000000101100001111...]
Compiling architecture lut3_v of entity unisim.LUT3 [\LUT3(init="00011111")(0,7)\]
Compiling architecture lut3_v of entity unisim.LUT3 [\LUT3(init="00001000")(0,7)\]
Compiling architecture lut4_v of entity unisim.LUT4 [\LUT4(init="0000000000010000")(0...]
Compiling architecture lut6_v of entity unisim.LUT6 [\LUT6(init="00001110000011100000...]
Compiling architecture lut6_v of entity unisim.LUT6 [\LUT6(init="10101110100011001010...]
Compiling architecture lut6_v of entity unisim.LUT6 [\LUT6(init="11111111111111111111...]
Compiling architecture lut4_v of entity unisim.LUT4 [\LUT4(init="0000001000100010")(0...]
Compiling architecture lut4_v of entity unisim.LUT4 [\LUT4(init="1000110100000000")(0...]
Compiling architecture lut5_v of entity unisim.LUT5 [\LUT5(init="00000100110001000000...]
Compiling architecture lut4_v of entity unisim.LUT4 [\LUT4(init="1010111011101010")(0...]
Compiling architecture lut6_v of entity unisim.LUT6 [\LUT6(init="11111111111111111100...]
Compiling architecture lut6_v of entity unisim.LUT6 [\LUT6(init="00000000000000011111...]
Compiling architecture lut6_v of entity unisim.LUT6 [\LUT6(init="10000000000000001111...]
Compiling architecture structure of entity xil_defaultlib.cachestruct
Built simulation snapshot CacheStruct_func_synth
